生成启动时间为 2017/11/23 22:43:22。
     1>项目“J:\KinectPictureSynthesis\MFC类\picture9\picture8\picture8.vcxproj”在节点 2 上(Build 个目标)。
     1>ResourceCompile:
         C:\Program Files (x86)\Windows Kits\8.1\bin\x86\rc.exe /D _DEBUG /D _UNICODE /D UNICODE /D _AFXDLL /l"0x0804" /IDebug\ /nologo /fo"Debug\picture8.res" picture8.rc 
       Link:
         C:\Program Files (x86)\Microsoft Visual Studio 12.0\VC\bin\link.exe /ERRORREPORT:PROMPT /OUT:"J:\KinectPictureSynthesis\MFC类\picture9\Debug\picture8.exe" /INCREMENTAL /NOLOGO opencv_calib3d249d.lib opencv_contrib249d.lib opencv_core249d.lib opencv_features2d249d.lib opencv_flann249d.lib opencv_gpu249d.lib opencv_highgui249d.lib opencv_imgproc249d.lib opencv_legacy249d.lib opencv_ml249d.lib opencv_nonfree249d.lib opencv_objdetect249d.lib opencv_ocl249d.lib opencv_photo249d.lib opencv_stitching249d.lib opencv_superres249d.lib opencv_ts249d.lib opencv_video249d.lib opencv_videostab249d.lib Kinect20.lib /MANIFEST /MANIFESTUAC:"level='asInvoker' uiAccess='false'" /manifest:embed /manifestinput:"C:\Program Files (x86)\Microsoft Visual Studio 12.0\VC\Include\Manifest\dpiaware.manifest" /DEBUG /PDB:"J:\KinectPictureSynthesis\MFC类\picture9\Debug\picture8.pdb" /SUBSYSTEM:WINDOWS /TLBID:1 /ENTRY:"wWinMainCRTStartup" /DYNAMICBASE /NXCOMPAT /IMPLIB:"J:\KinectPictureSynthesis\MFC类\picture9\Debug\picture8.lib" /MACHINE:X86 Debug\picture8.res
         Debug\Choose.obj
         Debug\CvvImage.obj
         Debug\Dlg2.obj
         Debug\GestureControl.obj
         Debug\MouseControl.obj
         Debug\picture8.obj
         Debug\picture8Dlg.obj
         Debug\PictureSynthesis.obj
         Debug\showpicture.obj
         Debug\stdafx.obj
         picture8.vcxproj -> J:\KinectPictureSynthesis\MFC类\picture9\Debug\picture8.exe
     1>已完成生成项目“J:\KinectPictureSynthesis\MFC类\picture9\picture8\picture8.vcxproj”(Build 个目标)的操作。

生成成功。

已用时间 00:00:02.40
