c:\users\lenovo\desktop\kinectpicturesynthesis\kinectpicturesynthesis\debug\vc120.pdb
c:\users\lenovo\desktop\kinectpicturesynthesis\kinectpicturesynthesis\debug\vc120.idb
c:\users\lenovo\desktop\kinectpicturesynthesis\kinectpicturesynthesis\debug\gesturecontrol.obj
c:\users\lenovo\desktop\kinectpicturesynthesis\kinectpicturesynthesis\debug\main.obj
c:\users\lenovo\desktop\kinectpicturesynthesis\kinectpicturesynthesis\debug\mousecontrol.obj
c:\users\lenovo\desktop\kinectpicturesynthesis\kinectpicturesynthesis\debug\picturesynthesis.obj
j:\kinectpicturesynthesis\kinectpicturesynthesis\debug\vc120.pdb
j:\kinectpicturesynthesis\kinectpicturesynthesis\debug\vc120.idb
j:\kinectpicturesynthesis\kinectpicturesynthesis\debug\main.obj
j:\kinectpicturesynthesis\kinectpicturesynthesis\debug\mousecontrol.obj
j:\kinectpicturesynthesis\kinectpicturesynthesis\debug\gesturecontrol.obj
j:\kinectpicturesynthesis\kinectpicturesynthesis\debug\picturesynthesis.obj
c:\users\lenovo\desktop\kinectpicturesynthesis\kinectpicturesynthesis\debug\kinectpicturesynthesis.ilk
c:\users\lenovo\desktop\kinectpicturesynthesis\kinectpicturesynthesis\debug\kinectpicturesynthesis.exe
c:\users\lenovo\desktop\kinectpicturesynthesis\kinectpicturesynthesis\debug\kinectpicturesynthesis.pdb
j:\kinectpicturesynthesis\kinectpicturesynthesis\debug\kinectpicturesynthesis.ilk
j:\kinectpicturesynthesis\kinectpicturesynthesis\debug\kinectpicturesynthesis.exe
j:\kinectpicturesynthesis\kinectpicturesynthesis\debug\kinectpicturesynthesis.pdb
j:\kinectpicturesynthesis\kinectpicturesynthesis\debug\kinectpi.7447e51c.tlog\cl.command.1.tlog
j:\kinectpicturesynthesis\kinectpicturesynthesis\debug\kinectpi.7447e51c.tlog\cl.read.1.tlog
j:\kinectpicturesynthesis\kinectpicturesynthesis\debug\kinectpi.7447e51c.tlog\cl.write.1.tlog
j:\kinectpicturesynthesis\kinectpicturesynthesis\debug\kinectpi.7447e51c.tlog\link.command.1.tlog
j:\kinectpicturesynthesis\kinectpicturesynthesis\debug\kinectpi.7447e51c.tlog\link.read.1.tlog
j:\kinectpicturesynthesis\kinectpicturesynthesis\debug\kinectpi.7447e51c.tlog\link.write.1.tlog
